<?xml version="1.0" encoding="UTF-8"?>
<!-- Generated by org.testng.reporters.JUnitReportReporter -->
<testsuite hostname="Censiuss-MacBook-Air.local" failures="0" tests="1" name="testCases.LoginPageTest" time="11.855" errors="0" timestamp="2024-10-13T18:31:36 IST" skipped="0">
  <testcase classname="testCases.LoginPageTest" name="loginTest" time="11.855"/>
</testsuite> <!-- testCases.LoginPageTest -->
