<?xml version="1.0" encoding="UTF-8"?>
<!-- Generated by org.testng.reporters.JUnitReportReporter -->
<testsuite hostname="Censiuss-MacBook-Air.local" failures="0" tests="1" name="testCases.HomePageTest" time="83.324" errors="0" timestamp="2024-10-08T11:07:19 IST" skipped="0">
  <testcase classname="testCases.HomePageTest" name="testAllButtonsInSingleLogin" time="83.324"/>
</testsuite> <!-- testCases.HomePageTest -->
