<?xml version="1.0" encoding="UTF-8"?>
<!-- Generated by org.testng.reporters.JUnitReportReporter -->
<testsuite hostname="Censiuss-MacBook-Air.local" failures="0" tests="1" name="testCases.HomePageTest" time="29.079" errors="0" timestamp="2024-10-13T19:57:16 IST" skipped="0">
  <testcase classname="testCases.HomePageTest" name="clickOnEditJobDetailsTest" time="29.079"/>
</testsuite> <!-- testCases.HomePageTest -->
