<?xml version="1.0" encoding="UTF-8"?>
<!-- Generated by org.testng.reporters.JUnitReportReporter -->
<testsuite hostname="Censiuss-MacBook-Air.local" failures="0" tests="1" name="testCases.LoginPageTest" time="13.483" errors="0" timestamp="2024-10-06T12:48:40 IST" skipped="0">
  <testcase classname="testCases.LoginPageTest" name="loginTest" time="13.483"/>
</testsuite> <!-- testCases.LoginPageTest -->
