<?xml version="1.0" encoding="UTF-8"?>
<!-- Generated by org.testng.reporters.JUnitReportReporter -->
<testsuite hostname="Censiuss-MacBook-Air.local" failures="0" tests="1" name="testCases.HomePageTest" time="81.349" errors="0" timestamp="2024-10-08T12:19:44 IST" skipped="0">
  <testcase classname="testCases.HomePageTest" name="testAllButtonsInSingleLogin" time="81.349"/>
</testsuite> <!-- testCases.HomePageTest -->
