<?xml version="1.0" encoding="UTF-8"?>
<!-- Generated by org.testng.reporters.JUnitReportReporter -->
<testsuite hostname="Censiuss-MacBook-Air.local" failures="0" tests="1" name="testCases.HomePageTest" time="76.787" errors="0" timestamp="2024-10-08T11:17:11 IST" skipped="0">
  <testcase classname="testCases.HomePageTest" name="testAllButtonsInSingleLogin" time="76.787"/>
</testsuite> <!-- testCases.HomePageTest -->
